<?xml version="1.0" encoding="UTF-8"?>
<testsuite xmlns:xsi="http://www.w3.org/2001/XMLSchema-instance" xsi:noNamespaceSchemaLocation="https://maven.apache.org/surefire/maven-surefire-plugin/xsd/surefire-test-report.xsd" name="io.rishabh.MathUtilsTest" time="0.032" tests="2" errors="0" skipped="0" failures="0">
  <properties>
[...]
</properties>
  <testcase name="testAdd" classname="io.rishabh.MathUtilsTest" time="0.015"/>
  <testcase name="testComputeCircleArea" classname="io.rishabh.MathUtilsTest" time="0.005"/>
</testsuite>